<?xml version="1.0" encoding="UTF-8"?>
<!-- Generated by org.testng.reporters.JUnitReportReporter -->
<testsuite hostname="Nancy" failures="0" tests="1" name="api.gorest.tests.CreateUser" time="5.250" errors="0" timestamp="2024-07-01T21:30:37 IST" skipped="0">
  <testcase classname="api.gorest.tests.CreateUser" name="createUserTest" time="5.250"/>
</testsuite> <!-- api.gorest.tests.CreateUser -->
