<?xml version="1.0" encoding="UTF-8"?>
<!-- Generated by org.testng.reporters.JUnitReportReporter -->
<testsuite hostname="Nancy" failures="0" tests="3" name="api.gorest.tests.GetUserTest" time="6.911" errors="0" timestamp="2024-07-03T17:15:13 IST" skipped="0">
  <testcase classname="api.gorest.tests.GetUserTest" name="getParticularUserTest" time="2.297"/>
  <testcase classname="api.gorest.tests.GetUserTest" name="getUserTestwithQueryParams" time="1.227"/>
  <testcase classname="api.gorest.tests.GetUserTest" name="getAllUsersTest" time="3.387"/>
</testsuite> <!-- api.gorest.tests.GetUserTest -->
