<?xml version="1.0" encoding="UTF-8"?>
<!-- Generated by org.testng.reporters.JUnitReportReporter -->
<testsuite hostname="Nancy" failures="0" tests="1" name="api.gorest.tests.GetUserTest" time="3.603" errors="0" timestamp="2024-07-01T12:06:23 IST" skipped="0">
  <testcase classname="api.gorest.tests.GetUserTest" name="getParticularUserTest" time="3.603"/>
</testsuite> <!-- api.gorest.tests.GetUserTest -->
