<?xml version="1.0" encoding="UTF-8"?>
<!-- Generated by org.testng.reporters.JUnitReportReporter -->
<testsuite hostname="Nancy" failures="0" tests="3" name="api.gorest.tests.GetUserTest" time="6.650" errors="0" timestamp="2024-07-03T17:34:12 IST" skipped="0">
  <testcase classname="api.gorest.tests.GetUserTest" name="getUserTestwithQueryParams" time="1.623"/>
  <testcase classname="api.gorest.tests.GetUserTest" name="getAllUsersTest" time="2.950"/>
  <testcase classname="api.gorest.tests.GetUserTest" name="getParticularUserTest" time="2.077"/>
</testsuite> <!-- api.gorest.tests.GetUserTest -->
