<?xml version="1.0" encoding="UTF-8"?>
<!-- Generated by org.testng.reporters.JUnitReportReporter -->
<testsuite hostname="Nancy" failures="0" tests="3" name="api.gorest.tests.GetUserTest" time="7.086" errors="0" timestamp="2024-07-04T23:07:18 IST" skipped="0">
  <testcase classname="api.gorest.tests.GetUserTest" name="getAllUsersTest" time="3.452"/>
  <testcase classname="api.gorest.tests.GetUserTest" name="getUserTestwithQueryParams" time="1.352"/>
  <testcase classname="api.gorest.tests.GetUserTest" name="getParticularUserTest" time="2.282"/>
</testsuite> <!-- api.gorest.tests.GetUserTest -->
