<?xml version="1.0" encoding="UTF-8"?>
<!-- Generated by org.testng.reporters.JUnitReportReporter -->
<testsuite hostname="Nancy" failures="0" tests="1" name="api.gorest.tests.CreateUser" time="2.732" errors="0" timestamp="2024-07-04T23:07:18 IST" skipped="0">
  <testcase classname="api.gorest.tests.CreateUser" name="createUserTest" time="2.732"/>
</testsuite> <!-- api.gorest.tests.CreateUser -->
