<?xml version="1.0" encoding="UTF-8"?>
<!-- Generated by org.testng.reporters.JUnitReportReporter -->
<testsuite hostname="Nancy" failures="0" tests="1" name="api.gorest.tests.CreateUser" time="6.515" errors="0" timestamp="2024-07-02T11:35:46 IST" skipped="0">
  <testcase classname="api.gorest.tests.CreateUser" name="createUserTest" time="6.515"/>
</testsuite> <!-- api.gorest.tests.CreateUser -->
